<?xml version="1.0" encoding="UTF-8"?>
<!-- Generated by org.testng.reporters.JUnitXMLReporter -->
<testsuite ignored="0" hostname="Leonids-MacBook-Air.local" failures="0" tests="2" name="All Test" time="37.875" errors="0" timestamp="2023-05-30T14:18:11 CDT">
  <testcase classname="scripts.KijijiCaScripts" name="ValidateCarsComSignInPageForm" time="18.294"/>
  <testcase classname="scripts.KijijiCaScripts" name="ValidateUserCannotSignInToKijijiCaWithInvalidCredentials" time="11.984"/>
</testsuite> <!-- All Test -->
